d:\hax\my cheat\nocp\nocp\debug\nocp.pch
d:\hax\my cheat\nocp\nocp\debug\vc141.pdb
d:\hax\my cheat\nocp\nocp\debug\vc141.idb
d:\hax\my cheat\nocp\nocp\debug\aimbot.obj
d:\hax\my cheat\nocp\nocp\debug\main.obj
d:\hax\my cheat\nocp\debug\nocp.pdb
d:\hax\my cheat\nocp\nocp\debug\nocp.tlog\cl.command.1.tlog
d:\hax\my cheat\nocp\nocp\debug\nocp.tlog\cl.read.1.tlog
d:\hax\my cheat\nocp\nocp\debug\nocp.tlog\cl.write.1.tlog
d:\hax\my cheat\nocp\nocp\debug\nocp.tlog\link-cvtres.read.1.tlog
d:\hax\my cheat\nocp\nocp\debug\nocp.tlog\link-cvtres.write.1.tlog
d:\hax\my cheat\nocp\nocp\debug\nocp.tlog\link-rc.read.1.tlog
d:\hax\my cheat\nocp\nocp\debug\nocp.tlog\link-rc.write.1.tlog
d:\hax\my cheat\nocp\nocp\debug\nocp.tlog\link.61276-cvtres.read.1.tlog
d:\hax\my cheat\nocp\nocp\debug\nocp.tlog\link.61276-cvtres.write.1.tlog
d:\hax\my cheat\nocp\nocp\debug\nocp.tlog\link.61276-rc.read.1.tlog
d:\hax\my cheat\nocp\nocp\debug\nocp.tlog\link.61276-rc.write.1.tlog
d:\hax\my cheat\nocp\nocp\debug\nocp.tlog\link.61276.read.1.tlog
d:\hax\my cheat\nocp\nocp\debug\nocp.tlog\link.61276.write.1.tlog
d:\hax\my cheat\nocp\nocp\debug\nocp.tlog\link.command.1.tlog
d:\hax\my cheat\nocp\nocp\debug\nocp.tlog\link.read.1.tlog
d:\hax\my cheat\nocp\nocp\debug\nocp.tlog\link.write.1.tlog
